[2022-11-25 19:58:31.031][INFO ][org.springframework.boot.StartupInfoLogger][main][55]Starting TestingLogging using Java 19.0.1 on DESKTOP-06Q167M with PID 22728 (started by Michael Simatupang in D:\Developing\synergy-binar-batch-5\Challenge_5)
[2022-11-25 19:58:31.031][INFO ][org.springframework.boot.SpringApplication][main][634]No active profile set, falling back to 1 default profile: "default"
[2022-11-25 19:58:32.032][INFO ][org.springframework.data.repository.config.RepositoryConfigurationDelegate][main][132]Bootstrapping Spring Data JPA repositories in DEFAULT mode.
[2022-11-25 19:58:32.032][INFO ][org.springframework.data.repository.config.RepositoryConfigurationDelegate][main][201]Finished Spring Data repository scanning in 112 ms. Found 9 JPA repository interfaces.
[2022-11-25 19:58:33.033][INFO ][org.hibernate.jpa.internal.util.LogHelper][main][31]HHH000204: Processing PersistenceUnitInfo [name: default]
[2022-11-25 19:58:33.033][INFO ][org.hibernate.Version][main][44]HHH000412: Hibernate ORM core version 5.6.12.Final
[2022-11-25 19:58:33.033][INFO ][org.hibernate.annotations.common.reflection.java.JavaReflectionManager][main][56]HCANN000001: Hibernate Commons Annotations {5.1.2.Final}
[2022-11-25 19:58:34.034][INFO ][com.zaxxer.hikari.HikariDataSource][main][110]HikariPool-1 - Starting...
[2022-11-25 19:58:34.034][INFO ][com.zaxxer.hikari.HikariDataSource][main][123]HikariPool-1 - Start completed.
[2022-11-25 19:58:34.034][INFO ][org.hibernate.dialect.Dialect][main][175]HHH000400: Using dialect: org.hibernate.dialect.PostgreSQLDialect
[2022-11-25 19:58:35.035][INFO ][org.hibernate.engine.transaction.jta.platform.internal.JtaPlatformInitiator][main][52]HHH000490: Using JtaPlatform implementation: [org.hibernate.engine.transaction.jta.platform.internal.NoJtaPlatform]
[2022-11-25 19:58:35.035][INFO ][org.springframework.orm.jpa.AbstractEntityManagerFactoryBean][main][437]Initialized JPA EntityManagerFactory for persistence unit 'default'
[2022-11-25 19:58:36.036][WARN ][org.springframework.boot.autoconfigure.orm.jpa.JpaBaseConfiguration$JpaWebConfiguration][main][219]spring.jpa.open-in-view is enabled by default. Therefore, database queries may be performed during view rendering. Explicitly configure spring.jpa.open-in-view to disable this warning
[2022-11-25 19:58:37.037][INFO ][org.springframework.boot.StartupInfoLogger][main][61]Started TestingLogging in 6.137 seconds (JVM running for 7.646)
[2022-11-25 19:58:37.037][INFO ][com.example.challenge_5.testing.TestingLogging][main][15]info logging level
[2022-11-25 19:58:37.037][ERROR][com.example.challenge_5.testing.TestingLogging][main][16]eror logging level
[2022-11-25 19:58:37.037][WARN ][com.example.challenge_5.testing.TestingLogging][main][17]warning logging level
[2022-11-25 19:58:37.037][INFO ][org.springframework.orm.jpa.AbstractEntityManagerFactoryBean][SpringApplicationShutdownHook][651]Closing JPA EntityManagerFactory for persistence unit 'default'
[2022-11-25 19:58:37.037][INFO ][com.zaxxer.hikari.HikariDataSource][SpringApplicationShutdownHook][350]HikariPool-1 - Shutdown initiated...
[2022-11-25 19:58:37.037][INFO ][com.zaxxer.hikari.HikariDataSource][SpringApplicationShutdownHook][352]HikariPool-1 - Shutdown completed.
[2022-11-25 20:12:05.005][INFO ][org.springframework.boot.StartupInfoLogger][main][55]Starting Challenge5Application using Java 19.0.1 on DESKTOP-06Q167M with PID 17700 (D:\Developing\synergy-binar-batch-5\Challenge_5\target\classes started by Michael Simatupang in D:\Developing\synergy-binar-batch-5\Challenge_5)
[2022-11-25 20:12:05.005][INFO ][org.springframework.boot.SpringApplication][main][634]No active profile set, falling back to 1 default profile: "default"
[2022-11-25 20:12:06.006][INFO ][org.springframework.data.repository.config.RepositoryConfigurationDelegate][main][132]Bootstrapping Spring Data JPA repositories in DEFAULT mode.
[2022-11-25 20:12:06.006][INFO ][org.springframework.data.repository.config.RepositoryConfigurationDelegate][main][201]Finished Spring Data repository scanning in 71 ms. Found 9 JPA repository interfaces.
[2022-11-25 20:12:06.006][INFO ][org.springframework.boot.web.embedded.tomcat.TomcatWebServer][main][108]Tomcat initialized with port(s): 8080 (http)
[2022-11-25 20:12:06.006][INFO ][org.apache.juli.logging.DirectJDKLog][main][173]Initializing ProtocolHandler ["http-nio-8080"]
[2022-11-25 20:12:06.006][INFO ][org.apache.juli.logging.DirectJDKLog][main][173]Starting service [Tomcat]
[2022-11-25 20:12:06.006][INFO ][org.apache.juli.logging.DirectJDKLog][main][173]Starting Servlet engine: [Apache Tomcat/9.0.68]
[2022-11-25 20:12:06.006][INFO ][org.apache.juli.logging.DirectJDKLog][main][173]Initializing Spring embedded WebApplicationContext
[2022-11-25 20:12:06.006][INFO ][org.springframework.boot.web.servlet.context.ServletWebServerApplicationContext][main][292]Root WebApplicationContext: initialization completed in 1392 ms
[2022-11-25 20:12:07.007][INFO ][org.hibernate.jpa.internal.util.LogHelper][main][31]HHH000204: Processing PersistenceUnitInfo [name: default]
[2022-11-25 20:12:07.007][INFO ][org.hibernate.Version][main][44]HHH000412: Hibernate ORM core version 5.6.12.Final
[2022-11-25 20:12:07.007][INFO ][org.hibernate.annotations.common.reflection.java.JavaReflectionManager][main][56]HCANN000001: Hibernate Commons Annotations {5.1.2.Final}
[2022-11-25 20:12:07.007][INFO ][com.zaxxer.hikari.HikariDataSource][main][110]HikariPool-1 - Starting...
[2022-11-25 20:12:07.007][INFO ][com.zaxxer.hikari.HikariDataSource][main][123]HikariPool-1 - Start completed.
[2022-11-25 20:12:07.007][INFO ][org.hibernate.dialect.Dialect][main][175]HHH000400: Using dialect: org.hibernate.dialect.PostgreSQLDialect
[2022-11-25 20:12:08.008][INFO ][org.hibernate.engine.transaction.jta.platform.internal.JtaPlatformInitiator][main][52]HHH000490: Using JtaPlatform implementation: [org.hibernate.engine.transaction.jta.platform.internal.NoJtaPlatform]
[2022-11-25 20:12:08.008][INFO ][org.springframework.orm.jpa.AbstractEntityManagerFactoryBean][main][437]Initialized JPA EntityManagerFactory for persistence unit 'default'
[2022-11-25 20:12:08.008][WARN ][org.springframework.boot.autoconfigure.orm.jpa.JpaBaseConfiguration$JpaWebConfiguration][main][219]spring.jpa.open-in-view is enabled by default. Therefore, database queries may be performed during view rendering. Explicitly configure spring.jpa.open-in-view to disable this warning
[2022-11-25 20:12:09.009][INFO ][org.apache.juli.logging.DirectJDKLog][main][173]Starting ProtocolHandler ["http-nio-8080"]
[2022-11-25 20:12:09.009][INFO ][org.springframework.boot.web.embedded.tomcat.TomcatWebServer][main][220]Tomcat started on port(s): 8080 (http) with context path ''
[2022-11-25 20:12:09.009][INFO ][org.springframework.boot.StartupInfoLogger][main][61]Started Challenge5Application in 4.344 seconds (JVM running for 5.227)
[2022-11-25 20:15:34.034][INFO ][org.springframework.orm.jpa.AbstractEntityManagerFactoryBean][SpringApplicationShutdownHook][651]Closing JPA EntityManagerFactory for persistence unit 'default'
[2022-11-25 20:15:34.034][INFO ][com.zaxxer.hikari.HikariDataSource][SpringApplicationShutdownHook][350]HikariPool-1 - Shutdown initiated...
[2022-11-25 20:15:34.034][INFO ][com.zaxxer.hikari.HikariDataSource][SpringApplicationShutdownHook][352]HikariPool-1 - Shutdown completed.
